c:\users\suppo\onedrive\desktop\c++ מעודכן\project3\x64\debug\vc143.pdb
c:\users\suppo\onedrive\desktop\c++ מעודכן\project3\x64\debug\vc143.idb
c:\users\suppo\onedrive\desktop\c++ מעודכן\project3\x64\debug\researcher.obj
c:\users\suppo\onedrive\desktop\c++ מעודכן\project3\x64\debug\researchcenter.obj
c:\users\suppo\onedrive\desktop\c++ מעודכן\project3\x64\debug\person.obj
c:\users\suppo\onedrive\desktop\c++ מעודכן\project3\x64\debug\patient.obj
c:\users\suppo\onedrive\desktop\c++ מעודכן\project3\x64\debug\nurse.obj
c:\users\suppo\onedrive\desktop\c++ מעודכן\project3\x64\debug\main.obj
c:\users\suppo\onedrive\desktop\c++ מעודכן\project3\x64\debug\hospital.obj
c:\users\suppo\onedrive\desktop\c++ מעודכן\project3\x64\debug\employee.obj
c:\users\suppo\onedrive\desktop\c++ מעודכן\project3\x64\debug\doctor.obj
c:\users\suppo\onedrive\desktop\c++ מעודכן\project3\x64\debug\department.obj
c:\users\suppo\onedrive\desktop\c++ מעודכן\x64\debug\project3.exe
c:\users\suppo\onedrive\desktop\c++ מעודכן\x64\debug\project3.pdb
c:\users\suppo\onedrive\desktop\c++ מעודכן\project3\x64\debug\project3.ilk
c:\users\suppo\onedrive\desktop\c++ מעודכן\project3\x64\debug\project3.tlog\cl.command.1.tlog
c:\users\suppo\onedrive\desktop\c++ מעודכן\project3\x64\debug\project3.tlog\cl.items.tlog
c:\users\suppo\onedrive\desktop\c++ מעודכן\project3\x64\debug\project3.tlog\cl.read.1.tlog
c:\users\suppo\onedrive\desktop\c++ מעודכן\project3\x64\debug\project3.tlog\cl.write.1.tlog
c:\users\suppo\onedrive\desktop\c++ מעודכן\project3\x64\debug\project3.tlog\link.command.1.tlog
c:\users\suppo\onedrive\desktop\c++ מעודכן\project3\x64\debug\project3.tlog\link.read.1.tlog
c:\users\suppo\onedrive\desktop\c++ מעודכן\project3\x64\debug\project3.tlog\link.secondary.1.tlog
c:\users\suppo\onedrive\desktop\c++ מעודכן\project3\x64\debug\project3.tlog\link.write.1.tlog
